Using pre-set license
Built from '2020.3/release' branch; Version is '2020.3.7f1 (dd97f2c94397) revision 14522354'; Using compiler version '192528614'; Build Type 'Release'
OS: 'Windows 10 Pro; OS build 19041.1165; Version 2004; 64bit' Language: 'pt' Physical Memory: 16311 MB
BatchMode: 1, IsHumanControllingUs: 0, StartBugReporterOnCrash: 0, Is64bit: 1, IsPro: 0

 COMMAND LINE ARGUMENTS:
C:\Program Files\Unity\Hub\Editor\2020.3.7f1\Editor\Unity.exe
-adb2
-batchMode
-noUpm
-name
AssetImportWorker0
-projectPath
C:/Users/Jails/OneDrive/Documentos/Dilis/Provador
-logFile
Logs/AssetImportWorker0.log
-srvPort
57484
Successfully changed project path to: C:/Users/Jails/OneDrive/Documentos/Dilis/Provador
C:/Users/Jails/OneDrive/Documentos/Dilis/Provador
Using Asset Import Pipeline V2.
Refreshing native plugins compatible for Editor in 25.77 ms, found 0 plugins.
Preloading 0 native plugins for Editor in 0.00 ms.
Initialize engine version: 2020.3.7f1 (dd97f2c94397)
[Subsystems] Discovering subsystems at path C:/Program Files/Unity/Hub/Editor/2020.3.7f1/Editor/Data/Resources/UnitySubsystems
[Subsystems] Discovering subsystems at path C:/Users/Jails/OneDrive/Documentos/Dilis/Provador/Assets
GfxDevice: creating device client; threaded=0
Direct3D:
    Version:  Direct3D 11.0 [level 11.1]
    Renderer: NVIDIA GeForce GTX 1060 6GB (ID=0x1c03)
    Vendor:   
    VRAM:     6052 MB
    Driver:   27.21.14.6611
Initialize mono
Mono path[0] = 'C:/Program Files/Unity/Hub/Editor/2020.3.7f1/Editor/Data/Managed'
Mono path[1] = 'C:/Program Files/Unity/Hub/Editor/2020.3.7f1/Editor/Data/MonoBleedingEdge/lib/mono/unityjit'
Mono config path = 'C:/Program Files/Unity/Hub/Editor/2020.3.7f1/Editor/Data/MonoBleedingEdge/etc'
Using monoOptions --debugger-agent=transport=dt_socket,embedding=1,server=y,suspend=n,address=127.0.0.1:56204
Begin MonoManager ReloadAssembly
Registering precompiled unity dll's ...
Register platform support module: C:/Program Files/Unity/Hub/Editor/2020.3.7f1/Editor/Data/PlaybackEngines/WindowsStandaloneSupport/UnityEditor.WindowsStandalone.Extensions.dll
Register platform support module: C:/Program Files/Unity/Hub/Editor/2020.3.7f1/Editor/Data/PlaybackEngines/LuminSupport/UnityEditor.Lumin.Extensions.dll
Registered in 0.002123 seconds.
Native extension for Lumin target not found
Native extension for WindowsStandalone target not found
Refreshing native plugins compatible for Editor in 27.12 ms, found 0 plugins.
Preloading 0 native plugins for Editor in 0.00 ms.
Mono: successfully reloaded assembly
- Completed reload, in  2.244 seconds
Platform modules already initialized, skipping
Registering precompiled user dll's ...
Registered in 0.000955 seconds.
Begin MonoManager ReloadAssembly
Native extension for Lumin target not found
Native extension for WindowsStandalone target not found
Refreshing native plugins compatible for Editor in 0.24 ms, found 0 plugins.
Preloading 0 native plugins for Editor in 0.00 ms.
Mono: successfully reloaded assembly
- Completed reload, in  0.905 seconds
Platform modules already initialized, skipping
========================================================================
Worker process is ready to serve import requests
Launched and connected shader compiler UnityShaderCompiler.exe after 0.05 seconds
Refreshing native plugins compatible for Editor in 0.21 ms, found 0 plugins.
Preloading 0 native plugins for Editor in 0.00 ms.
Unloading 1131 Unused Serialized files (Serialized files now loaded: 0)
System memory in use before: 57.8 MB.
System memory in use after: 57.8 MB.

Unloading 11 unused Assets to reduce memory usage. Loaded Objects now: 1573.
Total: 2.569300 ms (FindLiveObjects: 0.153000 ms CreateObjectMapping: 0.073700 ms MarkObjects: 2.228800 ms  DeleteObjects: 0.112700 ms)

========================================================================
Received Import Request.
  path: Assets/easy_qr_code/document_en.pdf
  artifactKey: Guid(e21b7d44b7d53324fa67595e57f54b9c) Importer(815301076,1909f56bfc062723c751e8b465ee728b)
Start importing Assets/easy_qr_code/document_en.pdf using Guid(e21b7d44b7d53324fa67595e57f54b9c) Importer(815301076,1909f56bfc062723c751e8b465ee728b)  -> (artifact id: '5a51b537ead21e105fbe280a4b2c9096') in 0.040088 seconds
  Import took 0.041889 seconds .

========================================================================
Received Import Request.
  Time since last request: 0.000362 seconds.
  path: Assets/easy_qr_code/document_ch.pdf
  artifactKey: Guid(04672b50a5bbf6d42a7ff3af594bb0d9) Importer(815301076,1909f56bfc062723c751e8b465ee728b)
Start importing Assets/easy_qr_code/document_ch.pdf using Guid(04672b50a5bbf6d42a7ff3af594bb0d9) Importer(815301076,1909f56bfc062723c751e8b465ee728b)  -> (artifact id: '9cdf936453773c5846ef6e6d99362e1d') in 0.002228 seconds
  Import took 0.003947 seconds .

========================================================================
Received Import Request.
  Time since last request: 35.318068 seconds.
  path: Assets/easy_qr_code/demo.unity
  artifactKey: Guid(8150b5f8b1996554ebccf8da1d4e9fef) Importer(815301076,1909f56bfc062723c751e8b465ee728b)
Start importing Assets/easy_qr_code/demo.unity using Guid(8150b5f8b1996554ebccf8da1d4e9fef) Importer(815301076,1909f56bfc062723c751e8b465ee728b)  -> (artifact id: '3571e77481f778bf088844c36a18c940') in 0.002361 seconds
  Import took 0.071671 seconds .

========================================================================
Received Import Request.
  Time since last request: 0.710932 seconds.
  path: Assets/easy_qr_code/pic
  artifactKey: Guid(a51f611e4a49ce347b11016c6938f4e2) Importer(815301076,1909f56bfc062723c751e8b465ee728b)
Start importing Assets/easy_qr_code/pic using Guid(a51f611e4a49ce347b11016c6938f4e2) Importer(815301076,1909f56bfc062723c751e8b465ee728b)  -> (artifact id: '34f3e60e105e10ae5543a7223f9aaf83') in 0.001958 seconds
  Import took 0.003938 seconds .

========================================================================
Received Import Request.
  Time since last request: 0.092275 seconds.
  path: Assets/easy_qr_code/pic/back.png
  artifactKey: Guid(78d512f022bfe714697da388eda5f276) Importer(815301076,1909f56bfc062723c751e8b465ee728b)
Start importing Assets/easy_qr_code/pic/back.png using Guid(78d512f022bfe714697da388eda5f276) Importer(815301076,1909f56bfc062723c751e8b465ee728b)  -> (artifact id: '9a7240da613db9f7c82fef392a30841f') in 0.111088 seconds
  Import took 0.113733 seconds .

========================================================================
Received Import Request.
  Time since last request: 1.607546 seconds.
  path: Assets/easy_qr_code/my_plugins
  artifactKey: Guid(ae7145e8b0f646f4c80249a76101da55) Importer(815301076,1909f56bfc062723c751e8b465ee728b)
Start importing Assets/easy_qr_code/my_plugins using Guid(ae7145e8b0f646f4c80249a76101da55) Importer(815301076,1909f56bfc062723c751e8b465ee728b)  -> (artifact id: 'ef6b9c91ed32f60cd8c6c8920bc1e65e') in 0.002834 seconds
  Import took 0.005058 seconds .

========================================================================
Received Prepare
Registering precompiled user dll's ...
Registered in 0.001348 seconds.
Begin MonoManager ReloadAssembly
Native extension for Lumin target not found
Native extension for WindowsStandalone target not found
Refreshing native plugins compatible for Editor in 0.23 ms, found 0 plugins.
Preloading 0 native plugins for Editor in 0.00 ms.
Mono: successfully reloaded assembly
- Completed reload, in  1.474 seconds
Platform modules already initialized, skipping
Refreshing native plugins compatible for Editor in 0.24 ms, found 0 plugins.
Preloading 0 native plugins for Editor in 0.00 ms.
Unloading 1126 Unused Serialized files (Serialized files now loaded: 0)
System memory in use before: 60.8 MB.
System memory in use after: 60.9 MB.

Unloading 6 unused Assets to reduce memory usage. Loaded Objects now: 1582.
Total: 2.516300 ms (FindLiveObjects: 0.188700 ms CreateObjectMapping: 0.098300 ms MarkObjects: 2.176700 ms  DeleteObjects: 0.051000 ms)

========================================================================
Received Prepare
Registering precompiled user dll's ...
Registered in 0.001001 seconds.
Begin MonoManager ReloadAssembly
Native extension for Lumin target not found
Native extension for WindowsStandalone target not found
Refreshing native plugins compatible for Editor in 0.34 ms, found 0 plugins.
Preloading 0 native plugins for Editor in 0.00 ms.
Mono: successfully reloaded assembly
- Completed reload, in  1.162 seconds
Platform modules already initialized, skipping
Refreshing native plugins compatible for Editor in 0.40 ms, found 0 plugins.
Preloading 0 native plugins for Editor in 0.00 ms.
Unloading 1126 Unused Serialized files (Serialized files now loaded: 0)
System memory in use before: 60.8 MB.
System memory in use after: 60.9 MB.

Unloading 6 unused Assets to reduce memory usage. Loaded Objects now: 1585.
Total: 2.549200 ms (FindLiveObjects: 0.158500 ms CreateObjectMapping: 0.044700 ms MarkObjects: 2.156800 ms  DeleteObjects: 0.187500 ms)

========================================================================
Received Import Request.
  Time since last request: 273.858063 seconds.
  path: Assets/easy_qr_code/my_plugins/easy_gui_dialog/source/pictures/black_bg.png
  artifactKey: Guid(885b9c29f0ff1684da5420928ce41b78) Importer(815301076,1909f56bfc062723c751e8b465ee728b)
Start importing Assets/easy_qr_code/my_plugins/easy_gui_dialog/source/pictures/black_bg.png using Guid(885b9c29f0ff1684da5420928ce41b78) Importer(815301076,1909f56bfc062723c751e8b465ee728b)  -> (artifact id: 'ea4801efa85638cc2a6a4b998b654b58') in 0.113820 seconds
  Import took 0.116591 seconds .

========================================================================
Received Import Request.
  Time since last request: 0.000251 seconds.
  path: Assets/easy_qr_code/my_plugins/easy_gui_dialog/source/pictures/cancel_btn.png
  artifactKey: Guid(0e27079e00a815643a7bed2eb09a3e6b) Importer(815301076,1909f56bfc062723c751e8b465ee728b)
Start importing Assets/easy_qr_code/my_plugins/easy_gui_dialog/source/pictures/cancel_btn.png using Guid(0e27079e00a815643a7bed2eb09a3e6b) Importer(815301076,1909f56bfc062723c751e8b465ee728b)  -> (artifact id: '47e30f4f2111910b54ce8dc34f6e8ab5') in 0.012624 seconds
  Import took 0.014991 seconds .

========================================================================
Received Import Request.
  Time since last request: 0.000228 seconds.
  path: Assets/easy_qr_code/my_plugins/easy_gui_dialog/source/pictures/negative.png
  artifactKey: Guid(9530ec3fd6e046a4dadf8bf3b4833843) Importer(815301076,1909f56bfc062723c751e8b465ee728b)
Start importing Assets/easy_qr_code/my_plugins/easy_gui_dialog/source/pictures/negative.png using Guid(9530ec3fd6e046a4dadf8bf3b4833843) Importer(815301076,1909f56bfc062723c751e8b465ee728b)  -> (artifact id: 'f43920e6e97272a011a40ebcb68d992b') in 0.019406 seconds
  Import took 0.022088 seconds .

========================================================================
Received Import Request.
  Time since last request: 0.000299 seconds.
  path: Assets/easy_qr_code/my_plugins/easy_gui_dialog/source/pictures/confirm_btn.png
  artifactKey: Guid(6454f318090f32f42b96e8aea306b3d1) Importer(815301076,1909f56bfc062723c751e8b465ee728b)
Start importing Assets/easy_qr_code/my_plugins/easy_gui_dialog/source/pictures/confirm_btn.png using Guid(6454f318090f32f42b96e8aea306b3d1) Importer(815301076,1909f56bfc062723c751e8b465ee728b)  -> (artifact id: '90bb0e755cdc9633e84101548370b4a8') in 0.011097 seconds
  Import took 0.060873 seconds .

========================================================================
Received Import Request.
  Time since last request: 0.000289 seconds.
  path: Assets/easy_qr_code/my_plugins/easy_gui_dialog/source/pictures/cancel_btn.png
  artifactKey: Guid(0e27079e00a815643a7bed2eb09a3e6b) Importer(815301076,1909f56bfc062723c751e8b465ee728b)
Start importing Assets/easy_qr_code/my_plugins/easy_gui_dialog/source/pictures/cancel_btn.png using Guid(0e27079e00a815643a7bed2eb09a3e6b) Importer(815301076,1909f56bfc062723c751e8b465ee728b)  -> (artifact id: '47e30f4f2111910b54ce8dc34f6e8ab5') in 0.010249 seconds
  Import took 0.012890 seconds .

========================================================================
Received Import Request.
  Time since last request: 0.000211 seconds.
  path: Assets/easy_qr_code/my_plugins/easy_gui_dialog/source/pictures/close_btn 1.png
  artifactKey: Guid(2dc0e800bda4da444beb59d4181bd898) Importer(815301076,1909f56bfc062723c751e8b465ee728b)
Start importing Assets/easy_qr_code/my_plugins/easy_gui_dialog/source/pictures/close_btn 1.png using Guid(2dc0e800bda4da444beb59d4181bd898) Importer(815301076,1909f56bfc062723c751e8b465ee728b)  -> (artifact id: 'ab150a19c78aedfba821aa2b5d419b42') in 0.015284 seconds
  Import took 0.017760 seconds .

========================================================================
Received Import Request.
  Time since last request: 0.000692 seconds.
  path: Assets/easy_qr_code/my_plugins/easy_gui_dialog/source/pictures/input_long 1.png
  artifactKey: Guid(e70c781b53ee80f4f9f76bc2b55f661b) Importer(815301076,1909f56bfc062723c751e8b465ee728b)
Start importing Assets/easy_qr_code/my_plugins/easy_gui_dialog/source/pictures/input_long 1.png using Guid(e70c781b53ee80f4f9f76bc2b55f661b) Importer(815301076,1909f56bfc062723c751e8b465ee728b)  -> (artifact id: 'a9b26afd71118d677eb8fd6240e187f9') in 0.012307 seconds
  Import took 0.014822 seconds .

========================================================================
Received Import Request.
  Time since last request: 0.000189 seconds.
  path: Assets/easy_qr_code/my_plugins/easy_gui_dialog/source/pictures/panel5.png
  artifactKey: Guid(8a8402799c0ffbe4da0884e98a15ba10) Importer(815301076,1909f56bfc062723c751e8b465ee728b)
Start importing Assets/easy_qr_code/my_plugins/easy_gui_dialog/source/pictures/panel5.png using Guid(8a8402799c0ffbe4da0884e98a15ba10) Importer(815301076,1909f56bfc062723c751e8b465ee728b)  -> (artifact id: 'f7ef12194acbff231e99c1a300f3b695') in 0.016635 seconds
  Import took 0.018804 seconds .

========================================================================
Received Import Request.
  Time since last request: 0.000249 seconds.
  path: Assets/easy_qr_code/my_plugins/easy_gui_dialog/source/pictures/black_bg.png
  artifactKey: Guid(885b9c29f0ff1684da5420928ce41b78) Importer(815301076,1909f56bfc062723c751e8b465ee728b)
Start importing Assets/easy_qr_code/my_plugins/easy_gui_dialog/source/pictures/black_bg.png using Guid(885b9c29f0ff1684da5420928ce41b78) Importer(815301076,1909f56bfc062723c751e8b465ee728b)  -> (artifact id: 'ea4801efa85638cc2a6a4b998b654b58') in 0.012848 seconds
  Import took 0.016234 seconds .

========================================================================
Received Import Request.
  Time since last request: 0.000290 seconds.
  path: Assets/easy_qr_code/my_plugins/easy_gui_dialog/source/pictures/panel5.png
  artifactKey: Guid(8a8402799c0ffbe4da0884e98a15ba10) Importer(815301076,1909f56bfc062723c751e8b465ee728b)
Start importing Assets/easy_qr_code/my_plugins/easy_gui_dialog/source/pictures/panel5.png using Guid(8a8402799c0ffbe4da0884e98a15ba10) Importer(815301076,1909f56bfc062723c751e8b465ee728b)  -> (artifact id: 'f7ef12194acbff231e99c1a300f3b695') in 0.010402 seconds
  Import took 0.013536 seconds .

========================================================================
Received Import Request.
  Time since last request: 0.000241 seconds.
  path: Assets/easy_qr_code/my_plugins/easy_gui_dialog/source/pictures/positive_bg.png
  artifactKey: Guid(e3fb05ba599760c41b5abaff0256d843) Importer(815301076,1909f56bfc062723c751e8b465ee728b)
Start importing Assets/easy_qr_code/my_plugins/easy_gui_dialog/source/pictures/positive_bg.png using Guid(e3fb05ba599760c41b5abaff0256d843) Importer(815301076,1909f56bfc062723c751e8b465ee728b)  -> (artifact id: '96e9438dc66222a1b440eec87f448e4b') in 0.016197 seconds
  Import took 0.018177 seconds .

========================================================================
Received Prepare
Registering precompiled user dll's ...
Registered in 0.000991 seconds.
Begin MonoManager ReloadAssembly
Native extension for Lumin target not found
Native extension for WindowsStandalone target not found
Refreshing native plugins compatible for Editor in 0.25 ms, found 0 plugins.
Preloading 0 native plugins for Editor in 0.00 ms.
Mono: successfully reloaded assembly
- Completed reload, in  1.075 seconds
Platform modules already initialized, skipping
Refreshing native plugins compatible for Editor in 0.24 ms, found 0 plugins.
Preloading 0 native plugins for Editor in 0.00 ms.
Unloading 1126 Unused Serialized files (Serialized files now loaded: 0)
System memory in use before: 60.9 MB.
System memory in use after: 60.9 MB.

Unloading 6 unused Assets to reduce memory usage. Loaded Objects now: 1599.
Total: 2.362200 ms (FindLiveObjects: 0.154900 ms CreateObjectMapping: 0.041200 ms MarkObjects: 2.005200 ms  DeleteObjects: 0.154100 ms)

========================================================================
Received Import Request.
  Time since last request: 752.562513 seconds.
  path: Assets/ImageUploader.cs
  artifactKey: Guid(d74f1825fa950934cad77207799318cb) Importer(815301076,1909f56bfc062723c751e8b465ee728b)
Start importing Assets/ImageUploader.cs using Guid(d74f1825fa950934cad77207799318cb) Importer(815301076,1909f56bfc062723c751e8b465ee728b)  -> (artifact id: '53b5dad04c9c567d67811f225ed47a90') in 0.053794 seconds
  Import took 0.057031 seconds .

========================================================================
Received Import Request.
  Time since last request: 96.573731 seconds.
  path: Assets/ImageUploader.cs
  artifactKey: Guid(d74f1825fa950934cad77207799318cb) Importer(815301076,1909f56bfc062723c751e8b465ee728b)
Start importing Assets/ImageUploader.cs using Guid(d74f1825fa950934cad77207799318cb) Importer(815301076,1909f56bfc062723c751e8b465ee728b)  -> (artifact id: '662ac19b0ec38a596612db0bb1b29b8f') in 0.010953 seconds
  Import took 0.034949 seconds .

========================================================================
Received Prepare
Registering precompiled user dll's ...
Registered in 0.001187 seconds.
Begin MonoManager ReloadAssembly
Native extension for Lumin target not found
Native extension for WindowsStandalone target not found
Refreshing native plugins compatible for Editor in 0.28 ms, found 0 plugins.
Preloading 0 native plugins for Editor in 0.00 ms.
Mono: successfully reloaded assembly
- Completed reload, in  0.879 seconds
Platform modules already initialized, skipping
Refreshing native plugins compatible for Editor in 0.21 ms, found 0 plugins.
Preloading 0 native plugins for Editor in 0.00 ms.
Unloading 1127 Unused Serialized files (Serialized files now loaded: 0)
System memory in use before: 60.9 MB.
System memory in use after: 61.0 MB.

Unloading 6 unused Assets to reduce memory usage. Loaded Objects now: 1603.
Total: 2.275900 ms (FindLiveObjects: 0.217100 ms CreateObjectMapping: 0.062000 ms MarkObjects: 1.882200 ms  DeleteObjects: 0.112800 ms)

========================================================================
Received Prepare
Registering precompiled user dll's ...
Registered in 0.001100 seconds.
Begin MonoManager ReloadAssembly
Native extension for Lumin target not found
Native extension for WindowsStandalone target not found
Refreshing native plugins compatible for Editor in 0.21 ms, found 0 plugins.
Preloading 0 native plugins for Editor in 0.00 ms.
Mono: successfully reloaded assembly
- Completed reload, in  0.898 seconds
Platform modules already initialized, skipping
Refreshing native plugins compatible for Editor in 0.20 ms, found 0 plugins.
Preloading 0 native plugins for Editor in 0.00 ms.
Unloading 1127 Unused Serialized files (Serialized files now loaded: 0)
System memory in use before: 60.9 MB.
System memory in use after: 61.0 MB.

Unloading 6 unused Assets to reduce memory usage. Loaded Objects now: 1606.
Total: 2.896200 ms (FindLiveObjects: 0.799400 ms CreateObjectMapping: 0.176500 ms MarkObjects: 1.798800 ms  DeleteObjects: 0.119400 ms)

========================================================================
Received Prepare
Registering precompiled user dll's ...
Registered in 0.006727 seconds.
Begin MonoManager ReloadAssembly
Native extension for Lumin target not found
Native extension for WindowsStandalone target not found
Refreshing native plugins compatible for Editor in 0.36 ms, found 0 plugins.
Preloading 0 native plugins for Editor in 0.00 ms.
Mono: successfully reloaded assembly
- Completed reload, in  1.213 seconds
Platform modules already initialized, skipping
Refreshing native plugins compatible for Editor in 0.21 ms, found 0 plugins.
Preloading 0 native plugins for Editor in 0.00 ms.
Unloading 1127 Unused Serialized files (Serialized files now loaded: 0)
System memory in use before: 60.9 MB.
System memory in use after: 61.0 MB.

Unloading 6 unused Assets to reduce memory usage. Loaded Objects now: 1609.
Total: 1.972800 ms (FindLiveObjects: 0.199400 ms CreateObjectMapping: 0.047800 ms MarkObjects: 1.669700 ms  DeleteObjects: 0.053600 ms)

========================================================================
Received Import Request.
  Time since last request: 37772.027687 seconds.
  path: Assets/Scenes
  artifactKey: Guid(c7484f59917c2d14b8deb8dd515c7fbb) Importer(815301076,1909f56bfc062723c751e8b465ee728b)
Start importing Assets/Scenes using Guid(c7484f59917c2d14b8deb8dd515c7fbb) Importer(815301076,1909f56bfc062723c751e8b465ee728b)  -> (artifact id: 'aa94ed0252dca63c11915df43e23f55b') in 0.009857 seconds
  Import took 0.017127 seconds .

========================================================================
Received Import Request.
  Time since last request: 1.362674 seconds.
  path: Assets/Scenes/SampleScene.unity
  artifactKey: Guid(9fc0d4010bbf28b4594072e72b8655ab) Importer(815301076,1909f56bfc062723c751e8b465ee728b)
Start importing Assets/Scenes/SampleScene.unity using Guid(9fc0d4010bbf28b4594072e72b8655ab) Importer(815301076,1909f56bfc062723c751e8b465ee728b)  -> (artifact id: 'c12e4a171748d9c2b3fd723ca9728d5e') in 0.172351 seconds
  Import took 0.174670 seconds .

========================================================================
Received Import Request.
  Time since last request: 2287.758118 seconds.
  path: Assets/Controller.cs
  artifactKey: Guid(6eaa71e32ea6d804584506bdcda688cf) Importer(815301076,1909f56bfc062723c751e8b465ee728b)
Start importing Assets/Controller.cs using Guid(6eaa71e32ea6d804584506bdcda688cf) Importer(815301076,1909f56bfc062723c751e8b465ee728b)  -> (artifact id: '18cad7b53d9187ae5bd71cbe6ceb4ae5') in 0.004164 seconds
  Import took 0.007634 seconds .

========================================================================
Received Import Request.
  Time since last request: 0.002560 seconds.
  path: Assets/Controller.cs
  artifactKey: Guid(6eaa71e32ea6d804584506bdcda688cf) Importer(815301076,1909f56bfc062723c751e8b465ee728b)
Start importing Assets/Controller.cs using Guid(6eaa71e32ea6d804584506bdcda688cf) Importer(815301076,1909f56bfc062723c751e8b465ee728b)  -> (artifact id: '18cad7b53d9187ae5bd71cbe6ceb4ae5') in 0.003217 seconds
  Import took 0.004963 seconds .

========================================================================
Received Import Request.
  Time since last request: 494.521020 seconds.
  path: Assets/Test.cs
  artifactKey: Guid(b337469660359aa4794788786c7148fd) Importer(815301076,1909f56bfc062723c751e8b465ee728b)
Start importing Assets/Test.cs using Guid(b337469660359aa4794788786c7148fd) Importer(815301076,1909f56bfc062723c751e8b465ee728b)  -> (artifact id: '7348032b84e390a00a5c9c907b2207ab') in 0.098325 seconds
  Import took 0.303104 seconds .

========================================================================
Received Prepare
Registering precompiled user dll's ...
Registered in 0.001051 seconds.
Begin MonoManager ReloadAssembly
Native extension for Lumin target not found
Native extension for WindowsStandalone target not found
Refreshing native plugins compatible for Editor in 0.28 ms, found 0 plugins.
Preloading 0 native plugins for Editor in 0.00 ms.
Mono: successfully reloaded assembly
- Completed reload, in  2.175 seconds
Platform modules already initialized, skipping
Refreshing native plugins compatible for Editor in 0.34 ms, found 0 plugins.
Preloading 0 native plugins for Editor in 0.00 ms.
Unloading 1128 Unused Serialized files (Serialized files now loaded: 0)
System memory in use before: 61.0 MB.
System memory in use after: 61.0 MB.

Unloading 6 unused Assets to reduce memory usage. Loaded Objects now: 1613.
Total: 11.062900 ms (FindLiveObjects: 2.956300 ms CreateObjectMapping: 0.124300 ms MarkObjects: 7.837400 ms  DeleteObjects: 0.142100 ms)

========================================================================
Received Prepare
Registering precompiled user dll's ...
Registered in 0.001069 seconds.
Begin MonoManager ReloadAssembly
Native extension for Lumin target not found
Native extension for WindowsStandalone target not found
Refreshing native plugins compatible for Editor in 0.22 ms, found 0 plugins.
Preloading 0 native plugins for Editor in 0.00 ms.
Mono: successfully reloaded assembly
- Completed reload, in  0.986 seconds
Platform modules already initialized, skipping
Refreshing native plugins compatible for Editor in 0.27 ms, found 0 plugins.
Preloading 0 native plugins for Editor in 0.00 ms.
Unloading 1128 Unused Serialized files (Serialized files now loaded: 0)
System memory in use before: 61.0 MB.
System memory in use after: 61.0 MB.

Unloading 6 unused Assets to reduce memory usage. Loaded Objects now: 1616.
Total: 2.297200 ms (FindLiveObjects: 0.226700 ms CreateObjectMapping: 0.057500 ms MarkObjects: 1.939200 ms  DeleteObjects: 0.072000 ms)

========================================================================
Received Import Request.
  Time since last request: 350.373832 seconds.
  path: Assets/Test.cs
  artifactKey: Guid(b337469660359aa4794788786c7148fd) Importer(815301076,1909f56bfc062723c751e8b465ee728b)
Start importing Assets/Test.cs using Guid(b337469660359aa4794788786c7148fd) Importer(815301076,1909f56bfc062723c751e8b465ee728b)  -> (artifact id: 'c145dae7fa60b0f6a8d7d9f0697419ba') in 0.008547 seconds
  Import took 0.010923 seconds .

========================================================================
Received Import Request.
  Time since last request: 34.011913 seconds.
  path: Assets/easy_qr_code/my_plugins/Easy_debug_on_the_phone/Scripts/Test.cs
  artifactKey: Guid(edd68b03ef7df5443ad7868d2d19c4ae) Importer(815301076,1909f56bfc062723c751e8b465ee728b)
Start importing Assets/easy_qr_code/my_plugins/Easy_debug_on_the_phone/Scripts/Test.cs using Guid(edd68b03ef7df5443ad7868d2d19c4ae) Importer(815301076,1909f56bfc062723c751e8b465ee728b)  -> (artifact id: '1754d9e02be9638c271b57048c3e0cdc') in 0.003777 seconds
  Import took 0.102254 seconds .

========================================================================
Received Prepare
Registering precompiled user dll's ...
Registered in 0.000946 seconds.
Begin MonoManager ReloadAssembly
Native extension for Lumin target not found
Native extension for WindowsStandalone target not found
Refreshing native plugins compatible for Editor in 0.20 ms, found 0 plugins.
Preloading 0 native plugins for Editor in 0.00 ms.
Mono: successfully reloaded assembly
- Completed reload, in  0.860 seconds
Platform modules already initialized, skipping
Refreshing native plugins compatible for Editor in 0.34 ms, found 0 plugins.
Preloading 0 native plugins for Editor in 0.00 ms.
Unloading 1128 Unused Serialized files (Serialized files now loaded: 0)
System memory in use before: 61.0 MB.
System memory in use after: 61.0 MB.

Unloading 6 unused Assets to reduce memory usage. Loaded Objects now: 1619.
Total: 2.550200 ms (FindLiveObjects: 0.206100 ms CreateObjectMapping: 0.059500 ms MarkObjects: 2.210600 ms  DeleteObjects: 0.072100 ms)

========================================================================
Received Import Request.
  Time since last request: 473.561855 seconds.
  path: Assets/easy_qr_code/my_plugins/easy_gui_dialog/font/方正粗圆简体.TTF
  artifactKey: Guid(6c591172542c3b543b02c8d9dfca9e16) Importer(815301076,1909f56bfc062723c751e8b465ee728b)
Start importing Assets/easy_qr_code/my_plugins/easy_gui_dialog/font/方正粗圆简体.TTF using Guid(6c591172542c3b543b02c8d9dfca9e16) Importer(815301076,1909f56bfc062723c751e8b465ee728b)  -> (artifact id: 'fe8b21585a6ae80bdd38f7facf2c2916') in 1.656737 seconds
  Import took 1.670514 seconds .

========================================================================
Received Prepare
Registering precompiled user dll's ...
Registered in 0.001182 seconds.
Begin MonoManager ReloadAssembly
Native extension for Lumin target not found
Native extension for WindowsStandalone target not found
Refreshing native plugins compatible for Editor in 0.22 ms, found 0 plugins.
Preloading 0 native plugins for Editor in 0.00 ms.
Mono: successfully reloaded assembly
- Completed reload, in  0.877 seconds
Platform modules already initialized, skipping
Refreshing native plugins compatible for Editor in 0.20 ms, found 0 plugins.
Preloading 0 native plugins for Editor in 0.00 ms.
Unloading 1128 Unused Serialized files (Serialized files now loaded: 0)
System memory in use before: 61.3 MB.
System memory in use after: 61.4 MB.

Unloading 6 unused Assets to reduce memory usage. Loaded Objects now: 1663.
Total: 1.944200 ms (FindLiveObjects: 0.158400 ms CreateObjectMapping: 0.037800 ms MarkObjects: 1.649100 ms  DeleteObjects: 0.083400 ms)

========================================================================
Received Prepare
Registering precompiled user dll's ...
Registered in 0.000952 seconds.
Begin MonoManager ReloadAssembly
Native extension for Lumin target not found
Native extension for WindowsStandalone target not found
Refreshing native plugins compatible for Editor in 0.20 ms, found 0 plugins.
Preloading 0 native plugins for Editor in 0.00 ms.
Mono: successfully reloaded assembly
- Completed reload, in  0.836 seconds
Platform modules already initialized, skipping
Refreshing native plugins compatible for Editor in 0.23 ms, found 0 plugins.
Preloading 0 native plugins for Editor in 0.00 ms.
Unloading 1128 Unused Serialized files (Serialized files now loaded: 0)
System memory in use before: 61.3 MB.
System memory in use after: 61.4 MB.

Unloading 6 unused Assets to reduce memory usage. Loaded Objects now: 1666.
Total: 2.190400 ms (FindLiveObjects: 0.199400 ms CreateObjectMapping: 0.035400 ms MarkObjects: 1.847100 ms  DeleteObjects: 0.092200 ms)

========================================================================
Received Prepare
Registering precompiled user dll's ...
Registered in 0.001055 seconds.
Begin MonoManager ReloadAssembly
Native extension for Lumin target not found
Native extension for WindowsStandalone target not found
Refreshing native plugins compatible for Editor in 0.24 ms, found 0 plugins.
Preloading 0 native plugins for Editor in 0.00 ms.
Mono: successfully reloaded assembly
- Completed reload, in  1.381 seconds
Platform modules already initialized, skipping
Refreshing native plugins compatible for Editor in 0.39 ms, found 0 plugins.
Preloading 0 native plugins for Editor in 0.00 ms.
Unloading 1128 Unused Serialized files (Serialized files now loaded: 0)
System memory in use before: 61.3 MB.
System memory in use after: 61.4 MB.

Unloading 6 unused Assets to reduce memory usage. Loaded Objects now: 1669.
Total: 2.359200 ms (FindLiveObjects: 0.159900 ms CreateObjectMapping: 0.044200 ms MarkObjects: 2.080900 ms  DeleteObjects: 0.072400 ms)

========================================================================
Received Prepare
Registering precompiled user dll's ...
Registered in 0.000898 seconds.
Begin MonoManager ReloadAssembly
Native extension for Lumin target not found
Native extension for WindowsStandalone target not found
Refreshing native plugins compatible for Editor in 0.21 ms, found 0 plugins.
Preloading 0 native plugins for Editor in 0.00 ms.
Mono: successfully reloaded assembly
- Completed reload, in  0.877 seconds
Platform modules already initialized, skipping
Refreshing native plugins compatible for Editor in 0.24 ms, found 0 plugins.
Preloading 0 native plugins for Editor in 0.00 ms.
Unloading 1128 Unused Serialized files (Serialized files now loaded: 0)
System memory in use before: 61.3 MB.
System memory in use after: 61.4 MB.

Unloading 6 unused Assets to reduce memory usage. Loaded Objects now: 1672.
Total: 1.717600 ms (FindLiveObjects: 0.172000 ms CreateObjectMapping: 0.053000 ms MarkObjects: 1.434800 ms  DeleteObjects: 0.056000 ms)

========================================================================
Received Prepare
Registering precompiled user dll's ...
Registered in 0.001614 seconds.
Begin MonoManager ReloadAssembly
Native extension for Lumin target not found
Native extension for WindowsStandalone target not found
Refreshing native plugins compatible for Editor in 0.32 ms, found 0 plugins.
Preloading 0 native plugins for Editor in 0.00 ms.
Mono: successfully reloaded assembly
- Completed reload, in  1.161 seconds
Platform modules already initialized, skipping
Refreshing native plugins compatible for Editor in 0.29 ms, found 0 plugins.
Preloading 0 native plugins for Editor in 0.00 ms.
Unloading 1128 Unused Serialized files (Serialized files now loaded: 0)
System memory in use before: 61.3 MB.
System memory in use after: 61.4 MB.

Unloading 6 unused Assets to reduce memory usage. Loaded Objects now: 1675.
Total: 2.218800 ms (FindLiveObjects: 0.193200 ms CreateObjectMapping: 0.045300 ms MarkObjects: 1.905400 ms  DeleteObjects: 0.072800 ms)

========================================================================
Received Prepare
Registering precompiled user dll's ...
Registered in 0.000939 seconds.
Begin MonoManager ReloadAssembly
Native extension for Lumin target not found
Native extension for WindowsStandalone target not found
Refreshing native plugins compatible for Editor in 0.27 ms, found 0 plugins.
Preloading 0 native plugins for Editor in 0.00 ms.
Mono: successfully reloaded assembly
- Completed reload, in  0.839 seconds
Platform modules already initialized, skipping
Refreshing native plugins compatible for Editor in 0.20 ms, found 0 plugins.
Preloading 0 native plugins for Editor in 0.00 ms.
Unloading 1128 Unused Serialized files (Serialized files now loaded: 0)
System memory in use before: 61.4 MB.
System memory in use after: 61.4 MB.

Unloading 6 unused Assets to reduce memory usage. Loaded Objects now: 1678.
Total: 1.827000 ms (FindLiveObjects: 0.162200 ms CreateObjectMapping: 0.040200 ms MarkObjects: 1.535100 ms  DeleteObjects: 0.088300 ms)

========================================================================
Received Prepare
Registering precompiled user dll's ...
Registered in 0.001015 seconds.
Begin MonoManager ReloadAssembly
Native extension for Lumin target not found
Native extension for WindowsStandalone target not found
Refreshing native plugins compatible for Editor in 0.41 ms, found 0 plugins.
Preloading 0 native plugins for Editor in 0.00 ms.
Mono: successfully reloaded assembly
- Completed reload, in  1.098 seconds
Platform modules already initialized, skipping
Refreshing native plugins compatible for Editor in 0.56 ms, found 0 plugins.
Preloading 0 native plugins for Editor in 0.00 ms.
Unloading 1128 Unused Serialized files (Serialized files now loaded: 0)
System memory in use before: 61.4 MB.
System memory in use after: 61.4 MB.

Unloading 6 unused Assets to reduce memory usage. Loaded Objects now: 1681.
Total: 2.055700 ms (FindLiveObjects: 0.162800 ms CreateObjectMapping: 0.039900 ms MarkObjects: 1.787000 ms  DeleteObjects: 0.064400 ms)

========================================================================
Received Prepare
Registering precompiled user dll's ...
Registered in 0.001654 seconds.
Begin MonoManager ReloadAssembly
Native extension for Lumin target not found
Native extension for WindowsStandalone target not found
Refreshing native plugins compatible for Editor in 0.27 ms, found 0 plugins.
Preloading 0 native plugins for Editor in 0.00 ms.
Mono: successfully reloaded assembly
- Completed reload, in  1.050 seconds
Platform modules already initialized, skipping
Refreshing native plugins compatible for Editor in 0.25 ms, found 0 plugins.
Preloading 0 native plugins for Editor in 0.00 ms.
Unloading 1128 Unused Serialized files (Serialized files now loaded: 0)
System memory in use before: 61.4 MB.
System memory in use after: 61.4 MB.

Unloading 6 unused Assets to reduce memory usage. Loaded Objects now: 1684.
Total: 2.274900 ms (FindLiveObjects: 0.169700 ms CreateObjectMapping: 0.039600 ms MarkObjects: 1.991700 ms  DeleteObjects: 0.072100 ms)

========================================================================
Received Prepare
Registering precompiled user dll's ...
Registered in 0.001061 seconds.
Begin MonoManager ReloadAssembly
Native extension for Lumin target not found
Native extension for WindowsStandalone target not found
Refreshing native plugins compatible for Editor in 0.30 ms, found 0 plugins.
Preloading 0 native plugins for Editor in 0.00 ms.
Mono: successfully reloaded assembly
- Completed reload, in  0.839 seconds
Platform modules already initialized, skipping
Refreshing native plugins compatible for Editor in 0.29 ms, found 0 plugins.
Preloading 0 native plugins for Editor in 0.00 ms.
Unloading 1128 Unused Serialized files (Serialized files now loaded: 0)
System memory in use before: 61.4 MB.
System memory in use after: 61.4 MB.

Unloading 6 unused Assets to reduce memory usage. Loaded Objects now: 1687.
Total: 2.666500 ms (FindLiveObjects: 0.187500 ms CreateObjectMapping: 0.038200 ms MarkObjects: 2.330500 ms  DeleteObjects: 0.109000 ms)

========================================================================
Received Prepare
Registering precompiled user dll's ...
Registered in 0.000864 seconds.
Begin MonoManager ReloadAssembly
Native extension for Lumin target not found
Native extension for WindowsStandalone target not found
Refreshing native plugins compatible for Editor in 0.25 ms, found 0 plugins.
Preloading 0 native plugins for Editor in 0.00 ms.
Mono: successfully reloaded assembly
- Completed reload, in  0.923 seconds
Platform modules already initialized, skipping
Refreshing native plugins compatible for Editor in 0.23 ms, found 0 plugins.
Preloading 0 native plugins for Editor in 0.00 ms.
Unloading 1128 Unused Serialized files (Serialized files now loaded: 0)
System memory in use before: 61.4 MB.
System memory in use after: 61.4 MB.

Unloading 6 unused Assets to reduce memory usage. Loaded Objects now: 1690.
Total: 1.840700 ms (FindLiveObjects: 0.157100 ms CreateObjectMapping: 0.044400 ms MarkObjects: 1.555700 ms  DeleteObjects: 0.082100 ms)

========================================================================
Received Prepare
Registering precompiled user dll's ...
Registered in 0.002687 seconds.
Begin MonoManager ReloadAssembly
Native extension for Lumin target not found
Native extension for WindowsStandalone target not found
Refreshing native plugins compatible for Editor in 0.24 ms, found 0 plugins.
Preloading 0 native plugins for Editor in 0.00 ms.
Mono: successfully reloaded assembly
- Completed reload, in  1.274 seconds
Platform modules already initialized, skipping
Refreshing native plugins compatible for Editor in 0.24 ms, found 0 plugins.
Preloading 0 native plugins for Editor in 0.00 ms.
Unloading 1128 Unused Serialized files (Serialized files now loaded: 0)
System memory in use before: 61.4 MB.
System memory in use after: 61.5 MB.

Unloading 6 unused Assets to reduce memory usage. Loaded Objects now: 1693.
Total: 2.007000 ms (FindLiveObjects: 0.164100 ms CreateObjectMapping: 0.038000 ms MarkObjects: 1.740900 ms  DeleteObjects: 0.061700 ms)

========================================================================
Received Prepare
Registering precompiled user dll's ...
Registered in 0.000932 seconds.
Begin MonoManager ReloadAssembly
Native extension for Lumin target not found
Native extension for WindowsStandalone target not found
Refreshing native plugins compatible for Editor in 0.22 ms, found 0 plugins.
Preloading 0 native plugins for Editor in 0.00 ms.
Mono: successfully reloaded assembly
- Completed reload, in  0.853 seconds
Platform modules already initialized, skipping
Refreshing native plugins compatible for Editor in 0.21 ms, found 0 plugins.
Preloading 0 native plugins for Editor in 0.00 ms.
Unloading 1128 Unused Serialized files (Serialized files now loaded: 0)
System memory in use before: 61.4 MB.
System memory in use after: 61.5 MB.

Unloading 6 unused Assets to reduce memory usage. Loaded Objects now: 1696.
Total: 2.282800 ms (FindLiveObjects: 0.189200 ms CreateObjectMapping: 0.040100 ms MarkObjects: 1.939800 ms  DeleteObjects: 0.112100 ms)

========================================================================
Received Prepare
Registering precompiled user dll's ...
Registered in 0.000918 seconds.
Begin MonoManager ReloadAssembly
Native extension for Lumin target not found
Native extension for WindowsStandalone target not found
Refreshing native plugins compatible for Editor in 0.26 ms, found 0 plugins.
Preloading 0 native plugins for Editor in 0.00 ms.
Mono: successfully reloaded assembly
- Completed reload, in  0.898 seconds
Platform modules already initialized, skipping
Refreshing native plugins compatible for Editor in 0.24 ms, found 0 plugins.
Preloading 0 native plugins for Editor in 0.00 ms.
Unloading 1128 Unused Serialized files (Serialized files now loaded: 0)
System memory in use before: 61.4 MB.
System memory in use after: 61.5 MB.

Unloading 6 unused Assets to reduce memory usage. Loaded Objects now: 1699.
Total: 1.979300 ms (FindLiveObjects: 0.143800 ms CreateObjectMapping: 0.032100 ms MarkObjects: 1.718900 ms  DeleteObjects: 0.083200 ms)

========================================================================
Received Prepare
Registering precompiled user dll's ...
Registered in 0.000972 seconds.
Begin MonoManager ReloadAssembly
Native extension for Lumin target not found
Native extension for WindowsStandalone target not found
Refreshing native plugins compatible for Editor in 0.23 ms, found 0 plugins.
Preloading 0 native plugins for Editor in 0.00 ms.
Mono: successfully reloaded assembly
- Completed reload, in  1.011 seconds
Platform modules already initialized, skipping
Refreshing native plugins compatible for Editor in 0.22 ms, found 0 plugins.
Preloading 0 native plugins for Editor in 0.00 ms.
Unloading 1128 Unused Serialized files (Serialized files now loaded: 0)
System memory in use before: 61.4 MB.
System memory in use after: 61.5 MB.

Unloading 6 unused Assets to reduce memory usage. Loaded Objects now: 1702.
Total: 3.258900 ms (FindLiveObjects: 0.171900 ms CreateObjectMapping: 0.053800 ms MarkObjects: 2.958500 ms  DeleteObjects: 0.072200 ms)

========================================================================
Received Prepare
Registering precompiled user dll's ...
Registered in 0.001065 seconds.
Begin MonoManager ReloadAssembly
Native extension for Lumin target not found
Native extension for WindowsStandalone target not found
Refreshing native plugins compatible for Editor in 0.25 ms, found 0 plugins.
Preloading 0 native plugins for Editor in 0.00 ms.
Mono: successfully reloaded assembly
- Completed reload, in  0.965 seconds
Platform modules already initialized, skipping
Refreshing native plugins compatible for Editor in 0.23 ms, found 0 plugins.
Preloading 0 native plugins for Editor in 0.00 ms.
Unloading 1128 Unused Serialized files (Serialized files now loaded: 0)
System memory in use before: 61.4 MB.
System memory in use after: 61.5 MB.

Unloading 6 unused Assets to reduce memory usage. Loaded Objects now: 1705.
Total: 1.904900 ms (FindLiveObjects: 0.195800 ms CreateObjectMapping: 0.063800 ms MarkObjects: 1.565800 ms  DeleteObjects: 0.078600 ms)

========================================================================
Received Prepare
Registering precompiled user dll's ...
Registered in 0.001161 seconds.
Begin MonoManager ReloadAssembly
Native extension for Lumin target not found
Native extension for WindowsStandalone target not found
Refreshing native plugins compatible for Editor in 0.46 ms, found 0 plugins.
Preloading 0 native plugins for Editor in 0.00 ms.
Mono: successfully reloaded assembly
- Completed reload, in  1.200 seconds
Platform modules already initialized, skipping
Refreshing native plugins compatible for Editor in 0.22 ms, found 0 plugins.
Preloading 0 native plugins for Editor in 0.00 ms.
Unloading 1128 Unused Serialized files (Serialized files now loaded: 0)
System memory in use before: 61.4 MB.
System memory in use after: 61.5 MB.

Unloading 6 unused Assets to reduce memory usage. Loaded Objects now: 1708.
Total: 2.589900 ms (FindLiveObjects: 0.172200 ms CreateObjectMapping: 0.126700 ms MarkObjects: 2.237700 ms  DeleteObjects: 0.052400 ms)

========================================================================
Received Prepare
Registering precompiled user dll's ...
Registered in 0.001015 seconds.
Begin MonoManager ReloadAssembly
Native extension for Lumin target not found
Native extension for WindowsStandalone target not found
Refreshing native plugins compatible for Editor in 0.27 ms, found 0 plugins.
Preloading 0 native plugins for Editor in 0.00 ms.
Mono: successfully reloaded assembly
- Completed reload, in  0.902 seconds
Platform modules already initialized, skipping
Refreshing native plugins compatible for Editor in 0.22 ms, found 0 plugins.
Preloading 0 native plugins for Editor in 0.00 ms.
Unloading 1128 Unused Serialized files (Serialized files now loaded: 0)
System memory in use before: 61.4 MB.
System memory in use after: 61.5 MB.

Unloading 6 unused Assets to reduce memory usage. Loaded Objects now: 1711.
Total: 1.641700 ms (FindLiveObjects: 0.152100 ms CreateObjectMapping: 0.036100 ms MarkObjects: 1.380300 ms  DeleteObjects: 0.071600 ms)

========================================================================
Received Prepare
Registering precompiled user dll's ...
Registered in 0.001794 seconds.
Begin MonoManager ReloadAssembly
Native extension for Lumin target not found
Native extension for WindowsStandalone target not found
Refreshing native plugins compatible for Editor in 0.21 ms, found 0 plugins.
Preloading 0 native plugins for Editor in 0.00 ms.
Mono: successfully reloaded assembly
- Completed reload, in  0.884 seconds
Platform modules already initialized, skipping
Refreshing native plugins compatible for Editor in 0.30 ms, found 0 plugins.
Preloading 0 native plugins for Editor in 0.00 ms.
Unloading 1128 Unused Serialized files (Serialized files now loaded: 0)
System memory in use before: 61.4 MB.
System memory in use after: 61.5 MB.

Unloading 6 unused Assets to reduce memory usage. Loaded Objects now: 1714.
Total: 2.589400 ms (FindLiveObjects: 0.162400 ms CreateObjectMapping: 0.043100 ms MarkObjects: 2.289200 ms  DeleteObjects: 0.093200 ms)

========================================================================
Received Prepare
Registering precompiled user dll's ...
Registered in 0.002905 seconds.
Begin MonoManager ReloadAssembly
Native extension for Lumin target not found
Native extension for WindowsStandalone target not found
Refreshing native plugins compatible for Editor in 0.26 ms, found 0 plugins.
Preloading 0 native plugins for Editor in 0.00 ms.
Mono: successfully reloaded assembly
- Completed reload, in  1.181 seconds
Platform modules already initialized, skipping
Refreshing native plugins compatible for Editor in 0.22 ms, found 0 plugins.
Preloading 0 native plugins for Editor in 0.00 ms.
Unloading 1128 Unused Serialized files (Serialized files now loaded: 0)
System memory in use before: 61.4 MB.
System memory in use after: 61.5 MB.

Unloading 6 unused Assets to reduce memory usage. Loaded Objects now: 1717.
Total: 1.789600 ms (FindLiveObjects: 0.209700 ms CreateObjectMapping: 0.039100 ms MarkObjects: 1.465400 ms  DeleteObjects: 0.060100 ms)

========================================================================
Received Prepare
Registering precompiled user dll's ...
Registered in 0.001183 seconds.
Begin MonoManager ReloadAssembly
Native extension for Lumin target not found
Native extension for WindowsStandalone target not found
Refreshing native plugins compatible for Editor in 0.34 ms, found 0 plugins.
Preloading 0 native plugins for Editor in 0.00 ms.
Mono: successfully reloaded assembly
- Completed reload, in  1.073 seconds
Platform modules already initialized, skipping
Refreshing native plugins compatible for Editor in 0.23 ms, found 0 plugins.
Preloading 0 native plugins for Editor in 0.00 ms.
Unloading 1128 Unused Serialized files (Serialized files now loaded: 0)
System memory in use before: 61.4 MB.
System memory in use after: 61.5 MB.

Unloading 6 unused Assets to reduce memory usage. Loaded Objects now: 1720.
Total: 1.748500 ms (FindLiveObjects: 0.169700 ms CreateObjectMapping: 0.048200 ms MarkObjects: 1.441700 ms  DeleteObjects: 0.087700 ms)

========================================================================
Received Prepare
Registering precompiled user dll's ...
Registered in 0.001063 seconds.
Begin MonoManager ReloadAssembly
Native extension for Lumin target not found
Native extension for WindowsStandalone target not found
Refreshing native plugins compatible for Editor in 0.22 ms, found 0 plugins.
Preloading 0 native plugins for Editor in 0.00 ms.
Mono: successfully reloaded assembly
- Completed reload, in  0.813 seconds
Platform modules already initialized, skipping
Refreshing native plugins compatible for Editor in 0.23 ms, found 0 plugins.
Preloading 0 native plugins for Editor in 0.00 ms.
Unloading 1128 Unused Serialized files (Serialized files now loaded: 0)
System memory in use before: 61.4 MB.
System memory in use after: 61.5 MB.

Unloading 6 unused Assets to reduce memory usage. Loaded Objects now: 1723.
Total: 1.819100 ms (FindLiveObjects: 0.188500 ms CreateObjectMapping: 0.037600 ms MarkObjects: 1.527300 ms  DeleteObjects: 0.064200 ms)

========================================================================
Received Prepare
Registering precompiled user dll's ...
Registered in 0.000953 seconds.
Begin MonoManager ReloadAssembly
Native extension for Lumin target not found
Native extension for WindowsStandalone target not found
Refreshing native plugins compatible for Editor in 0.26 ms, found 0 plugins.
Preloading 0 native plugins for Editor in 0.00 ms.
Mono: successfully reloaded assembly
- Completed reload, in  1.174 seconds
Platform modules already initialized, skipping
Refreshing native plugins compatible for Editor in 0.22 ms, found 0 plugins.
Preloading 0 native plugins for Editor in 0.00 ms.
Unloading 1128 Unused Serialized files (Serialized files now loaded: 0)
System memory in use before: 61.4 MB.
System memory in use after: 61.5 MB.

Unloading 6 unused Assets to reduce memory usage. Loaded Objects now: 1726.
Total: 1.939000 ms (FindLiveObjects: 0.173700 ms CreateObjectMapping: 0.045100 ms MarkObjects: 1.658900 ms  DeleteObjects: 0.060000 ms)

========================================================================
Received Prepare
Registering precompiled user dll's ...
Registered in 0.001566 seconds.
Begin MonoManager ReloadAssembly
Native extension for Lumin target not found
Native extension for WindowsStandalone target not found
Refreshing native plugins compatible for Editor in 0.43 ms, found 0 plugins.
Preloading 0 native plugins for Editor in 0.00 ms.
Mono: successfully reloaded assembly
- Completed reload, in  1.284 seconds
Platform modules already initialized, skipping
Refreshing native plugins compatible for Editor in 0.33 ms, found 0 plugins.
Preloading 0 native plugins for Editor in 0.00 ms.
Unloading 1128 Unused Serialized files (Serialized files now loaded: 0)
System memory in use before: 61.4 MB.
System memory in use after: 61.5 MB.

Unloading 6 unused Assets to reduce memory usage. Loaded Objects now: 1729.
Total: 2.789400 ms (FindLiveObjects: 0.377300 ms CreateObjectMapping: 0.047500 ms MarkObjects: 2.306300 ms  DeleteObjects: 0.055500 ms)

========================================================================
Received Prepare
Registering precompiled user dll's ...
Registered in 0.000985 seconds.
Begin MonoManager ReloadAssembly
Native extension for Lumin target not found
Native extension for WindowsStandalone target not found
Refreshing native plugins compatible for Editor in 0.25 ms, found 0 plugins.
Preloading 0 native plugins for Editor in 0.00 ms.
Mono: successfully reloaded assembly
- Completed reload, in  0.947 seconds
Platform modules already initialized, skipping
Refreshing native plugins compatible for Editor in 0.24 ms, found 0 plugins.
Preloading 0 native plugins for Editor in 0.00 ms.
Unloading 1128 Unused Serialized files (Serialized files now loaded: 0)
System memory in use before: 61.5 MB.
System memory in use after: 61.5 MB.

Unloading 6 unused Assets to reduce memory usage. Loaded Objects now: 1732.
Total: 2.813800 ms (FindLiveObjects: 0.642500 ms CreateObjectMapping: 0.103800 ms MarkObjects: 1.996200 ms  DeleteObjects: 0.069300 ms)

========================================================================
Received Prepare
Registering precompiled user dll's ...
Registered in 0.000984 seconds.
Begin MonoManager ReloadAssembly
Native extension for Lumin target not found
Native extension for WindowsStandalone target not found
Refreshing native plugins compatible for Editor in 0.21 ms, found 0 plugins.
Preloading 0 native plugins for Editor in 0.00 ms.
Mono: successfully reloaded assembly
- Completed reload, in  0.944 seconds
Platform modules already initialized, skipping
Refreshing native plugins compatible for Editor in 0.61 ms, found 0 plugins.
Preloading 0 native plugins for Editor in 0.00 ms.
Unloading 1128 Unused Serialized files (Serialized files now loaded: 0)
System memory in use before: 61.5 MB.
System memory in use after: 61.5 MB.

Unloading 6 unused Assets to reduce memory usage. Loaded Objects now: 1735.
Total: 1.867700 ms (FindLiveObjects: 0.232600 ms CreateObjectMapping: 0.042900 ms MarkObjects: 1.536300 ms  DeleteObjects: 0.054700 ms)

========================================================================
Received Prepare
Registering precompiled user dll's ...
Registered in 0.001041 seconds.
Begin MonoManager ReloadAssembly
Native extension for Lumin target not found
Native extension for WindowsStandalone target not found
Refreshing native plugins compatible for Editor in 0.30 ms, found 0 plugins.
Preloading 0 native plugins for Editor in 0.00 ms.
Mono: successfully reloaded assembly
- Completed reload, in  0.853 seconds
Platform modules already initialized, skipping
Refreshing native plugins compatible for Editor in 0.22 ms, found 0 plugins.
Preloading 0 native plugins for Editor in 0.00 ms.
Unloading 1128 Unused Serialized files (Serialized files now loaded: 0)
System memory in use before: 61.5 MB.
System memory in use after: 61.5 MB.

Unloading 6 unused Assets to reduce memory usage. Loaded Objects now: 1738.
Total: 1.879100 ms (FindLiveObjects: 0.162900 ms CreateObjectMapping: 0.141700 ms MarkObjects: 1.476900 ms  DeleteObjects: 0.096500 ms)

========================================================================
Received Prepare
Registering precompiled user dll's ...
Registered in 0.000941 seconds.
Begin MonoManager ReloadAssembly
Native extension for Lumin target not found
Native extension for WindowsStandalone target not found
Refreshing native plugins compatible for Editor in 0.23 ms, found 0 plugins.
Preloading 0 native plugins for Editor in 0.00 ms.
Mono: successfully reloaded assembly
- Completed reload, in  0.886 seconds
Platform modules already initialized, skipping
Refreshing native plugins compatible for Editor in 0.20 ms, found 0 plugins.
Preloading 0 native plugins for Editor in 0.00 ms.
Unloading 1128 Unused Serialized files (Serialized files now loaded: 0)
System memory in use before: 61.5 MB.
System memory in use after: 61.6 MB.

Unloading 6 unused Assets to reduce memory usage. Loaded Objects now: 1741.
Total: 1.798900 ms (FindLiveObjects: 0.156500 ms CreateObjectMapping: 0.035800 ms MarkObjects: 1.520100 ms  DeleteObjects: 0.085200 ms)

========================================================================
Received Prepare
Registering precompiled user dll's ...
Registered in 0.000954 seconds.
Begin MonoManager ReloadAssembly
Native extension for Lumin target not found
Native extension for WindowsStandalone target not found
Refreshing native plugins compatible for Editor in 0.27 ms, found 0 plugins.
Preloading 0 native plugins for Editor in 0.00 ms.
Mono: successfully reloaded assembly
- Completed reload, in  0.892 seconds
Platform modules already initialized, skipping
Refreshing native plugins compatible for Editor in 0.23 ms, found 0 plugins.
Preloading 0 native plugins for Editor in 0.00 ms.
Unloading 1128 Unused Serialized files (Serialized files now loaded: 0)
System memory in use before: 61.5 MB.
System memory in use after: 61.6 MB.

Unloading 6 unused Assets to reduce memory usage. Loaded Objects now: 1744.
Total: 1.676900 ms (FindLiveObjects: 0.157400 ms CreateObjectMapping: 0.040800 ms MarkObjects: 1.413900 ms  DeleteObjects: 0.063500 ms)

========================================================================
Received Prepare
Registering precompiled user dll's ...
Registered in 0.000983 seconds.
Begin MonoManager ReloadAssembly
Native extension for Lumin target not found
Native extension for WindowsStandalone target not found
Refreshing native plugins compatible for Editor in 0.22 ms, found 0 plugins.
Preloading 0 native plugins for Editor in 0.00 ms.
Mono: successfully reloaded assembly
- Completed reload, in  0.972 seconds
Platform modules already initialized, skipping
Refreshing native plugins compatible for Editor in 0.71 ms, found 0 plugins.
Preloading 0 native plugins for Editor in 0.00 ms.
Unloading 1128 Unused Serialized files (Serialized files now loaded: 0)
System memory in use before: 61.5 MB.
System memory in use after: 61.6 MB.

Unloading 6 unused Assets to reduce memory usage. Loaded Objects now: 1747.
Total: 2.046100 ms (FindLiveObjects: 0.157600 ms CreateObjectMapping: 0.046800 ms MarkObjects: 1.746300 ms  DeleteObjects: 0.094000 ms)

========================================================================
Received Prepare
Registering precompiled user dll's ...
Registered in 0.001032 seconds.
Begin MonoManager ReloadAssembly
Native extension for Lumin target not found
Native extension for WindowsStandalone target not found
Refreshing native plugins compatible for Editor in 0.20 ms, found 0 plugins.
Preloading 0 native plugins for Editor in 0.00 ms.
Mono: successfully reloaded assembly
- Completed reload, in  0.848 seconds
Platform modules already initialized, skipping
Refreshing native plugins compatible for Editor in 0.24 ms, found 0 plugins.
Preloading 0 native plugins for Editor in 0.00 ms.
Unloading 1128 Unused Serialized files (Serialized files now loaded: 0)
System memory in use before: 61.5 MB.
System memory in use after: 61.6 MB.

Unloading 6 unused Assets to reduce memory usage. Loaded Objects now: 1750.
Total: 1.881500 ms (FindLiveObjects: 0.199100 ms CreateObjectMapping: 0.041400 ms MarkObjects: 1.558300 ms  DeleteObjects: 0.080700 ms)

========================================================================
Received Prepare
Registering precompiled user dll's ...
Registered in 0.003535 seconds.
Begin MonoManager ReloadAssembly
Native extension for Lumin target not found
Native extension for WindowsStandalone target not found
Refreshing native plugins compatible for Editor in 0.29 ms, found 0 plugins.
Preloading 0 native plugins for Editor in 0.00 ms.
Mono: successfully reloaded assembly
- Completed reload, in  1.221 seconds
Platform modules already initialized, skipping
Refreshing native plugins compatible for Editor in 0.24 ms, found 0 plugins.
Preloading 0 native plugins for Editor in 0.00 ms.
Unloading 1128 Unused Serialized files (Serialized files now loaded: 0)
System memory in use before: 61.5 MB.
System memory in use after: 61.6 MB.

Unloading 6 unused Assets to reduce memory usage. Loaded Objects now: 1753.
Total: 2.244900 ms (FindLiveObjects: 0.251100 ms CreateObjectMapping: 0.057900 ms MarkObjects: 1.881000 ms  DeleteObjects: 0.052700 ms)

========================================================================
Received Prepare
Registering precompiled user dll's ...
Registered in 0.001734 seconds.
Begin MonoManager ReloadAssembly
Native extension for Lumin target not found
Native extension for WindowsStandalone target not found
Refreshing native plugins compatible for Editor in 0.25 ms, found 0 plugins.
Preloading 0 native plugins for Editor in 0.00 ms.
Mono: successfully reloaded assembly
- Completed reload, in  0.895 seconds
Platform modules already initialized, skipping
Refreshing native plugins compatible for Editor in 0.23 ms, found 0 plugins.
Preloading 0 native plugins for Editor in 0.00 ms.
Unloading 1128 Unused Serialized files (Serialized files now loaded: 0)
System memory in use before: 61.5 MB.
System memory in use after: 61.6 MB.

Unloading 6 unused Assets to reduce memory usage. Loaded Objects now: 1756.
Total: 1.954600 ms (FindLiveObjects: 0.175400 ms CreateObjectMapping: 0.044000 ms MarkObjects: 1.639800 ms  DeleteObjects: 0.093900 ms)

========================================================================
Received Prepare
Registering precompiled user dll's ...
Registered in 0.001008 seconds.
Begin MonoManager ReloadAssembly
Native extension for Lumin target not found
Native extension for WindowsStandalone target not found
Refreshing native plugins compatible for Editor in 0.24 ms, found 0 plugins.
Preloading 0 native plugins for Editor in 0.00 ms.
Mono: successfully reloaded assembly
- Completed reload, in  1.261 seconds
Platform modules already initialized, skipping
Refreshing native plugins compatible for Editor in 0.23 ms, found 0 plugins.
Preloading 0 native plugins for Editor in 0.00 ms.
Unloading 1128 Unused Serialized files (Serialized files now loaded: 0)
System memory in use before: 61.5 MB.
System memory in use after: 61.6 MB.

Unloading 6 unused Assets to reduce memory usage. Loaded Objects now: 1759.
Total: 2.234800 ms (FindLiveObjects: 0.387900 ms CreateObjectMapping: 0.054800 ms MarkObjects: 1.721000 ms  DeleteObjects: 0.068800 ms)

========================================================================
Received Prepare
Registering precompiled user dll's ...
Registered in 0.001117 seconds.
Begin MonoManager ReloadAssembly
Native extension for Lumin target not found
Native extension for WindowsStandalone target not found
Refreshing native plugins compatible for Editor in 0.22 ms, found 0 plugins.
Preloading 0 native plugins for Editor in 0.00 ms.
Mono: successfully reloaded assembly
- Completed reload, in  1.195 seconds
Platform modules already initialized, skipping
Refreshing native plugins compatible for Editor in 0.22 ms, found 0 plugins.
Preloading 0 native plugins for Editor in 0.00 ms.
Unloading 1128 Unused Serialized files (Serialized files now loaded: 0)
System memory in use before: 61.5 MB.
System memory in use after: 61.6 MB.

Unloading 6 unused Assets to reduce memory usage. Loaded Objects now: 1762.
Total: 4.997700 ms (FindLiveObjects: 0.320100 ms CreateObjectMapping: 0.093400 ms MarkObjects: 4.524600 ms  DeleteObjects: 0.058100 ms)

========================================================================
Received Prepare
Registering precompiled user dll's ...
Registered in 0.001190 seconds.
Begin MonoManager ReloadAssembly
Native extension for Lumin target not found
Native extension for WindowsStandalone target not found
Refreshing native plugins compatible for Editor in 0.24 ms, found 0 plugins.
Preloading 0 native plugins for Editor in 0.00 ms.
Mono: successfully reloaded assembly
- Completed reload, in  1.116 seconds
Platform modules already initialized, skipping
Refreshing native plugins compatible for Editor in 0.23 ms, found 0 plugins.
Preloading 0 native plugins for Editor in 0.00 ms.
Unloading 1128 Unused Serialized files (Serialized files now loaded: 0)
System memory in use before: 61.5 MB.
System memory in use after: 61.6 MB.

Unloading 6 unused Assets to reduce memory usage. Loaded Objects now: 1765.
Total: 1.849600 ms (FindLiveObjects: 0.180600 ms CreateObjectMapping: 0.045800 ms MarkObjects: 1.555600 ms  DeleteObjects: 0.065700 ms)

========================================================================
Received Prepare
Registering precompiled user dll's ...
Registered in 0.001178 seconds.
Begin MonoManager ReloadAssembly
Native extension for Lumin target not found
Native extension for WindowsStandalone target not found
Refreshing native plugins compatible for Editor in 0.21 ms, found 0 plugins.
Preloading 0 native plugins for Editor in 0.00 ms.
Mono: successfully reloaded assembly
- Completed reload, in  0.829 seconds
Platform modules already initialized, skipping
Refreshing native plugins compatible for Editor in 0.23 ms, found 0 plugins.
Preloading 0 native plugins for Editor in 0.00 ms.
Unloading 1128 Unused Serialized files (Serialized files now loaded: 0)
System memory in use before: 61.5 MB.
System memory in use after: 61.6 MB.

Unloading 6 unused Assets to reduce memory usage. Loaded Objects now: 1768.
Total: 2.020600 ms (FindLiveObjects: 0.166500 ms CreateObjectMapping: 0.042600 ms MarkObjects: 1.751100 ms  DeleteObjects: 0.058900 ms)

========================================================================
Received Prepare
Registering precompiled user dll's ...
Registered in 0.001400 seconds.
Begin MonoManager ReloadAssembly
Native extension for Lumin target not found
Native extension for WindowsStandalone target not found
Refreshing native plugins compatible for Editor in 0.24 ms, found 0 plugins.
Preloading 0 native plugins for Editor in 0.00 ms.
Mono: successfully reloaded assembly
- Completed reload, in  1.166 seconds
Platform modules already initialized, skipping
Refreshing native plugins compatible for Editor in 0.29 ms, found 0 plugins.
Preloading 0 native plugins for Editor in 0.00 ms.
Unloading 1128 Unused Serialized files (Serialized files now loaded: 0)
System memory in use before: 61.5 MB.
System memory in use after: 61.6 MB.

Unloading 6 unused Assets to reduce memory usage. Loaded Objects now: 1771.
Total: 2.245800 ms (FindLiveObjects: 0.201600 ms CreateObjectMapping: 0.045600 ms MarkObjects: 1.934400 ms  DeleteObjects: 0.062300 ms)

========================================================================
Received Prepare
Registering precompiled user dll's ...
Registered in 0.000896 seconds.
Begin MonoManager ReloadAssembly
Native extension for Lumin target not found
Native extension for WindowsStandalone target not found
Refreshing native plugins compatible for Editor in 0.20 ms, found 0 plugins.
Preloading 0 native plugins for Editor in 0.00 ms.
Mono: successfully reloaded assembly
- Completed reload, in  0.778 seconds
Platform modules already initialized, skipping
Refreshing native plugins compatible for Editor in 0.24 ms, found 0 plugins.
Preloading 0 native plugins for Editor in 0.00 ms.
Unloading 1128 Unused Serialized files (Serialized files now loaded: 0)
System memory in use before: 61.5 MB.
System memory in use after: 61.6 MB.

Unloading 6 unused Assets to reduce memory usage. Loaded Objects now: 1774.
Total: 1.930200 ms (FindLiveObjects: 0.161900 ms CreateObjectMapping: 0.037200 ms MarkObjects: 1.642900 ms  DeleteObjects: 0.087000 ms)

========================================================================
Received Prepare
Registering precompiled user dll's ...
Registered in 0.000958 seconds.
Begin MonoManager ReloadAssembly
Native extension for Lumin target not found
Native extension for WindowsStandalone target not found
Refreshing native plugins compatible for Editor in 0.21 ms, found 0 plugins.
Preloading 0 native plugins for Editor in 0.00 ms.
Mono: successfully reloaded assembly
- Completed reload, in  0.991 seconds
Platform modules already initialized, skipping
Refreshing native plugins compatible for Editor in 0.26 ms, found 0 plugins.
Preloading 0 native plugins for Editor in 0.00 ms.
Unloading 1128 Unused Serialized files (Serialized files now loaded: 0)
System memory in use before: 61.5 MB.
System memory in use after: 61.6 MB.

Unloading 6 unused Assets to reduce memory usage. Loaded Objects now: 1777.
Total: 1.839700 ms (FindLiveObjects: 0.206500 ms CreateObjectMapping: 0.058200 ms MarkObjects: 1.517500 ms  DeleteObjects: 0.055400 ms)

========================================================================
Received Prepare
Registering precompiled user dll's ...
Registered in 0.000906 seconds.
Begin MonoManager ReloadAssembly
Native extension for Lumin target not found
Native extension for WindowsStandalone target not found
Refreshing native plugins compatible for Editor in 0.20 ms, found 0 plugins.
Preloading 0 native plugins for Editor in 0.00 ms.
Mono: successfully reloaded assembly
- Completed reload, in  0.897 seconds
Platform modules already initialized, skipping
Refreshing native plugins compatible for Editor in 0.20 ms, found 0 plugins.
Preloading 0 native plugins for Editor in 0.00 ms.
Unloading 1128 Unused Serialized files (Serialized files now loaded: 0)
System memory in use before: 61.5 MB.
System memory in use after: 61.6 MB.

Unloading 6 unused Assets to reduce memory usage. Loaded Objects now: 1780.
Total: 2.648300 ms (FindLiveObjects: 0.273600 ms CreateObjectMapping: 0.077300 ms MarkObjects: 2.186600 ms  DeleteObjects: 0.108800 ms)

========================================================================
Received Prepare
Registering precompiled user dll's ...
Registered in 0.001190 seconds.
Begin MonoManager ReloadAssembly
Native extension for Lumin target not found
Native extension for WindowsStandalone target not found
Refreshing native plugins compatible for Editor in 0.24 ms, found 0 plugins.
Preloading 0 native plugins for Editor in 0.00 ms.
Mono: successfully reloaded assembly
- Completed reload, in  0.910 seconds
Platform modules already initialized, skipping
Refreshing native plugins compatible for Editor in 0.27 ms, found 0 plugins.
Preloading 0 native plugins for Editor in 0.00 ms.
Unloading 1128 Unused Serialized files (Serialized files now loaded: 0)
System memory in use before: 61.5 MB.
System memory in use after: 61.6 MB.

Unloading 6 unused Assets to reduce memory usage. Loaded Objects now: 1783.
Total: 1.968400 ms (FindLiveObjects: 0.268800 ms CreateObjectMapping: 0.036800 ms MarkObjects: 1.565000 ms  DeleteObjects: 0.096200 ms)

========================================================================
Received Import Request.
  Time since last request: 12500.544263 seconds.
  path: Assets/ImageUploader.cs
  artifactKey: Guid(d74f1825fa950934cad77207799318cb) Importer(815301076,1909f56bfc062723c751e8b465ee728b)
Start importing Assets/ImageUploader.cs using Guid(d74f1825fa950934cad77207799318cb) Importer(815301076,1909f56bfc062723c751e8b465ee728b)  -> (artifact id: 'c624a1eafb1246448167c61fa26d7d35') in 0.038780 seconds
  Import took 0.079640 seconds .

========================================================================
Received Import Request.
  Time since last request: 0.065330 seconds.
  path: Assets/ImageUploader.cs
  artifactKey: Guid(d74f1825fa950934cad77207799318cb) Importer(815301076,1909f56bfc062723c751e8b465ee728b)
Start importing Assets/ImageUploader.cs using Guid(d74f1825fa950934cad77207799318cb) Importer(815301076,1909f56bfc062723c751e8b465ee728b)  -> (artifact id: 'c624a1eafb1246448167c61fa26d7d35') in 0.003556 seconds
  Import took 0.006588 seconds .

========================================================================
Received Prepare
Registering precompiled user dll's ...
Registered in 0.000905 seconds.
Begin MonoManager ReloadAssembly
Native extension for Lumin target not found
Native extension for WindowsStandalone target not found
Refreshing native plugins compatible for Editor in 0.27 ms, found 0 plugins.
Preloading 0 native plugins for Editor in 0.00 ms.
Mono: successfully reloaded assembly
- Completed reload, in  1.342 seconds
Platform modules already initialized, skipping
Refreshing native plugins compatible for Editor in 0.32 ms, found 0 plugins.
Preloading 0 native plugins for Editor in 0.00 ms.
Unloading 1127 Unused Serialized files (Serialized files now loaded: 0)
System memory in use before: 61.5 MB.
System memory in use after: 61.6 MB.

Unloading 7 unused Assets to reduce memory usage. Loaded Objects now: 1785.
Total: 1.903400 ms (FindLiveObjects: 0.288100 ms CreateObjectMapping: 0.054400 ms MarkObjects: 1.475200 ms  DeleteObjects: 0.084100 ms)

========================================================================
Received Import Request.
  Time since last request: 8.362637 seconds.
  path: Assets/Test.cs
  artifactKey: Guid(b337469660359aa4794788786c7148fd) Importer(815301076,1909f56bfc062723c751e8b465ee728b)
Start importing Assets/Test.cs using Guid(b337469660359aa4794788786c7148fd) Importer(815301076,1909f56bfc062723c751e8b465ee728b)  -> (artifact id: '0fae3e8b4fefc48c7f94399e404faca3') in 0.004078 seconds
  Import took 0.020868 seconds .

========================================================================
Received Prepare
Registering precompiled user dll's ...
Registered in 0.000880 seconds.
Begin MonoManager ReloadAssembly
Native extension for Lumin target not found
Native extension for WindowsStandalone target not found
Refreshing native plugins compatible for Editor in 0.23 ms, found 0 plugins.
Preloading 0 native plugins for Editor in 0.00 ms.
Mono: successfully reloaded assembly
- Completed reload, in  1.041 seconds
Platform modules already initialized, skipping
Refreshing native plugins compatible for Editor in 0.22 ms, found 0 plugins.
Preloading 0 native plugins for Editor in 0.00 ms.
Unloading 1127 Unused Serialized files (Serialized files now loaded: 0)
System memory in use before: 61.5 MB.
System memory in use after: 61.6 MB.

Unloading 7 unused Assets to reduce memory usage. Loaded Objects now: 1788.
Total: 2.042100 ms (FindLiveObjects: 0.186000 ms CreateObjectMapping: 0.040100 ms MarkObjects: 1.741900 ms  DeleteObjects: 0.072900 ms)

========================================================================
Received Prepare
Registering precompiled user dll's ...
Registered in 0.001915 seconds.
Begin MonoManager ReloadAssembly
Native extension for Lumin target not found
Native extension for WindowsStandalone target not found
Refreshing native plugins compatible for Editor in 0.21 ms, found 0 plugins.
Preloading 0 native plugins for Editor in 0.00 ms.
Mono: successfully reloaded assembly
- Completed reload, in  0.895 seconds
Platform modules already initialized, skipping
Refreshing native plugins compatible for Editor in 0.24 ms, found 0 plugins.
Preloading 0 native plugins for Editor in 0.00 ms.
Unloading 1127 Unused Serialized files (Serialized files now loaded: 0)
System memory in use before: 61.5 MB.
System memory in use after: 61.6 MB.

Unloading 6 unused Assets to reduce memory usage. Loaded Objects now: 1791.
Total: 1.995200 ms (FindLiveObjects: 0.192200 ms CreateObjectMapping: 0.057300 ms MarkObjects: 1.633800 ms  DeleteObjects: 0.110000 ms)

========================================================================
Received Prepare
Registering precompiled user dll's ...
Registered in 0.001306 seconds.
Begin MonoManager ReloadAssembly
Native extension for Lumin target not found
Native extension for WindowsStandalone target not found
Refreshing native plugins compatible for Editor in 0.24 ms, found 0 plugins.
Preloading 0 native plugins for Editor in 0.00 ms.
Mono: successfully reloaded assembly
- Completed reload, in  0.845 seconds
Platform modules already initialized, skipping
Refreshing native plugins compatible for Editor in 0.25 ms, found 0 plugins.
Preloading 0 native plugins for Editor in 0.00 ms.
Unloading 1127 Unused Serialized files (Serialized files now loaded: 0)
System memory in use before: 61.5 MB.
System memory in use after: 61.6 MB.

Unloading 6 unused Assets to reduce memory usage. Loaded Objects now: 1794.
Total: 1.812900 ms (FindLiveObjects: 0.232500 ms CreateObjectMapping: 0.041700 ms MarkObjects: 1.430900 ms  DeleteObjects: 0.106400 ms)

========================================================================
Received Prepare
Registering precompiled user dll's ...
Registered in 0.001692 seconds.
Begin MonoManager ReloadAssembly
Native extension for Lumin target not found
Native extension for WindowsStandalone target not found
Refreshing native plugins compatible for Editor in 0.22 ms, found 0 plugins.
Preloading 0 native plugins for Editor in 0.00 ms.
Mono: successfully reloaded assembly
- Completed reload, in  1.174 seconds
Platform modules already initialized, skipping
Refreshing native plugins compatible for Editor in 0.24 ms, found 0 plugins.
Preloading 0 native plugins for Editor in 0.00 ms.
Unloading 1127 Unused Serialized files (Serialized files now loaded: 0)
System memory in use before: 61.6 MB.
System memory in use after: 61.7 MB.

Unloading 6 unused Assets to reduce memory usage. Loaded Objects now: 1797.
Total: 1.976900 ms (FindLiveObjects: 0.165000 ms CreateObjectMapping: 0.044700 ms MarkObjects: 1.714700 ms  DeleteObjects: 0.051000 ms)

========================================================================
Received Prepare
Registering precompiled user dll's ...
Registered in 0.002657 seconds.
Begin MonoManager ReloadAssembly
Native extension for Lumin target not found
Native extension for WindowsStandalone target not found
Refreshing native plugins compatible for Editor in 0.20 ms, found 0 plugins.
Preloading 0 native plugins for Editor in 0.00 ms.
Mono: successfully reloaded assembly
- Completed reload, in  0.929 seconds
Platform modules already initialized, skipping
Refreshing native plugins compatible for Editor in 0.20 ms, found 0 plugins.
Preloading 0 native plugins for Editor in 0.00 ms.
Unloading 1127 Unused Serialized files (Serialized files now loaded: 0)
System memory in use before: 61.6 MB.
System memory in use after: 61.7 MB.

Unloading 6 unused Assets to reduce memory usage. Loaded Objects now: 1800.
Total: 2.758100 ms (FindLiveObjects: 0.298600 ms CreateObjectMapping: 0.066900 ms MarkObjects: 2.318500 ms  DeleteObjects: 0.072200 ms)

========================================================================
Received Import Request.
  Time since last request: 655.945139 seconds.
  path: Assets/easy_qr_code/demo.unity
  artifactKey: Guid(8150b5f8b1996554ebccf8da1d4e9fef) Importer(815301076,1909f56bfc062723c751e8b465ee728b)
Start importing Assets/easy_qr_code/demo.unity using Guid(8150b5f8b1996554ebccf8da1d4e9fef) Importer(815301076,1909f56bfc062723c751e8b465ee728b)  -> (artifact id: '45746f24e988a8640765280ab10fd63a') in 0.046880 seconds
  Import took 0.062705 seconds .

========================================================================
Received Import Request.
  Time since last request: 118.237182 seconds.
  path: Assets/Scenes/SampleScene.unity
  artifactKey: Guid(9fc0d4010bbf28b4594072e72b8655ab) Importer(815301076,1909f56bfc062723c751e8b465ee728b)
Start importing Assets/Scenes/SampleScene.unity using Guid(9fc0d4010bbf28b4594072e72b8655ab) Importer(815301076,1909f56bfc062723c751e8b465ee728b)  -> (artifact id: '9b84e549287a0805850cd67c5a0254ac') in 0.003565 seconds
  Import took 0.030589 seconds .

========================================================================
Received Import Request.
  Time since last request: 5.410463 seconds.
  path: Assets/Scenes/Provador.unity
  artifactKey: Guid(9fc0d4010bbf28b4594072e72b8655ab) Importer(815301076,1909f56bfc062723c751e8b465ee728b)
Start importing Assets/Scenes/Provador.unity using Guid(9fc0d4010bbf28b4594072e72b8655ab) Importer(815301076,1909f56bfc062723c751e8b465ee728b)  -> (artifact id: 'e1f64f336c7234182a41a9b4e62c6920') in 0.003935 seconds
  Import took 0.005903 seconds .

========================================================================
Received Prepare
Registering precompiled user dll's ...
Registered in 0.001078 seconds.
Begin MonoManager ReloadAssembly
Native extension for Lumin target not found
Native extension for WindowsStandalone target not found
Refreshing native plugins compatible for Editor in 0.22 ms, found 0 plugins.
Preloading 0 native plugins for Editor in 0.00 ms.
Mono: successfully reloaded assembly
- Completed reload, in  0.890 seconds
Platform modules already initialized, skipping
Refreshing native plugins compatible for Editor in 0.27 ms, found 0 plugins.
Preloading 0 native plugins for Editor in 0.00 ms.
Unloading 1127 Unused Serialized files (Serialized files now loaded: 0)
System memory in use before: 61.7 MB.
System memory in use after: 61.7 MB.

Unloading 6 unused Assets to reduce memory usage. Loaded Objects now: 1803.
Total: 2.120000 ms (FindLiveObjects: 0.312800 ms CreateObjectMapping: 0.069500 ms MarkObjects: 1.638900 ms  DeleteObjects: 0.096900 ms)

========================================================================
Received Prepare
Registering precompiled user dll's ...
Registered in 0.001278 seconds.
Begin MonoManager ReloadAssembly
Native extension for Lumin target not found
Native extension for WindowsStandalone target not found
Refreshing native plugins compatible for Editor in 0.23 ms, found 0 plugins.
Preloading 0 native plugins for Editor in 0.00 ms.
Mono: successfully reloaded assembly
- Completed reload, in  1.339 seconds
Platform modules already initialized, skipping
Refreshing native plugins compatible for Editor in 0.28 ms, found 0 plugins.
Preloading 0 native plugins for Editor in 0.00 ms.
Unloading 1127 Unused Serialized files (Serialized files now loaded: 0)
System memory in use before: 61.7 MB.
System memory in use after: 61.7 MB.

Unloading 6 unused Assets to reduce memory usage. Loaded Objects now: 1806.
Total: 2.799100 ms (FindLiveObjects: 0.742800 ms CreateObjectMapping: 0.055500 ms MarkObjects: 1.917200 ms  DeleteObjects: 0.081600 ms)

========================================================================
Received Prepare
Registering precompiled user dll's ...
Registered in 0.001011 seconds.
Begin MonoManager ReloadAssembly
Native extension for Lumin target not found
Native extension for WindowsStandalone target not found
Refreshing native plugins compatible for Editor in 0.68 ms, found 0 plugins.
Preloading 0 native plugins for Editor in 0.00 ms.
Mono: successfully reloaded assembly
- Completed reload, in  0.893 seconds
Platform modules already initialized, skipping
Refreshing native plugins compatible for Editor in 0.24 ms, found 0 plugins.
Preloading 0 native plugins for Editor in 0.00 ms.
Unloading 1127 Unused Serialized files (Serialized files now loaded: 0)
System memory in use before: 61.7 MB.
System memory in use after: 61.7 MB.

Unloading 6 unused Assets to reduce memory usage. Loaded Objects now: 1809.
Total: 1.834000 ms (FindLiveObjects: 0.166200 ms CreateObjectMapping: 0.038900 ms MarkObjects: 1.571100 ms  DeleteObjects: 0.056300 ms)

========================================================================
Received Prepare
Registering precompiled user dll's ...
Registered in 0.000949 seconds.
Begin MonoManager ReloadAssembly
Native extension for Lumin target not found
Native extension for WindowsStandalone target not found
Refreshing native plugins compatible for Editor in 0.34 ms, found 0 plugins.
Preloading 0 native plugins for Editor in 0.00 ms.
Mono: successfully reloaded assembly
- Completed reload, in  0.971 seconds
Platform modules already initialized, skipping
Refreshing native plugins compatible for Editor in 0.25 ms, found 0 plugins.
Preloading 0 native plugins for Editor in 0.00 ms.
Unloading 1127 Unused Serialized files (Serialized files now loaded: 0)
System memory in use before: 61.7 MB.
System memory in use after: 61.8 MB.

Unloading 6 unused Assets to reduce memory usage. Loaded Objects now: 1812.
Total: 2.794000 ms (FindLiveObjects: 0.217000 ms CreateObjectMapping: 0.492000 ms MarkObjects: 1.999300 ms  DeleteObjects: 0.083900 ms)

========================================================================
Received Import Request.
  Time since last request: 476.522272 seconds.
  path: Assets/Scenes/Provador.unity
  artifactKey: Guid(9fc0d4010bbf28b4594072e72b8655ab) Importer(815301076,1909f56bfc062723c751e8b465ee728b)
Start importing Assets/Scenes/Provador.unity using Guid(9fc0d4010bbf28b4594072e72b8655ab) Importer(815301076,1909f56bfc062723c751e8b465ee728b)  -> (artifact id: '1c3b1ed52a15904d791fbe6779923915') in 0.038658 seconds
  Import took 0.076334 seconds .

========================================================================
Received Prepare
Registering precompiled user dll's ...
Registered in 0.001125 seconds.
Begin MonoManager ReloadAssembly
Native extension for Lumin target not found
Native extension for WindowsStandalone target not found
Refreshing native plugins compatible for Editor in 0.20 ms, found 0 plugins.
Preloading 0 native plugins for Editor in 0.00 ms.
Mono: successfully reloaded assembly
- Completed reload, in  0.930 seconds
Platform modules already initialized, skipping
Refreshing native plugins compatible for Editor in 0.22 ms, found 0 plugins.
Preloading 0 native plugins for Editor in 0.00 ms.
Unloading 1127 Unused Serialized files (Serialized files now loaded: 0)
System memory in use before: 61.7 MB.
System memory in use after: 61.8 MB.

Unloading 6 unused Assets to reduce memory usage. Loaded Objects now: 1815.
Total: 2.894700 ms (FindLiveObjects: 0.496800 ms CreateObjectMapping: 0.079800 ms MarkObjects: 1.713500 ms  DeleteObjects: 0.092100 ms)

========================================================================
Received Prepare
Registering precompiled user dll's ...
Registered in 0.000933 seconds.
Begin MonoManager ReloadAssembly
Native extension for Lumin target not found
Native extension for WindowsStandalone target not found
Refreshing native plugins compatible for Editor in 0.21 ms, found 0 plugins.
Preloading 0 native plugins for Editor in 0.00 ms.
Mono: successfully reloaded assembly
- Completed reload, in  1.009 seconds
Platform modules already initialized, skipping
Refreshing native plugins compatible for Editor in 0.20 ms, found 0 plugins.
Preloading 0 native plugins for Editor in 0.00 ms.
Unloading 1127 Unused Serialized files (Serialized files now loaded: 0)
System memory in use before: 61.7 MB.
System memory in use after: 61.8 MB.

Unloading 6 unused Assets to reduce memory usage. Loaded Objects now: 1818.
Total: 2.253700 ms (FindLiveObjects: 0.331000 ms CreateObjectMapping: 0.115000 ms MarkObjects: 1.719600 ms  DeleteObjects: 0.086300 ms)

========================================================================
Received Prepare
Registering precompiled user dll's ...
Registered in 0.000971 seconds.
Begin MonoManager ReloadAssembly
Native extension for Lumin target not found
Native extension for WindowsStandalone target not found
Refreshing native plugins compatible for Editor in 0.21 ms, found 0 plugins.
Preloading 0 native plugins for Editor in 0.00 ms.
Mono: successfully reloaded assembly
- Completed reload, in  0.855 seconds
Platform modules already initialized, skipping
Refreshing native plugins compatible for Editor in 0.23 ms, found 0 plugins.
Preloading 0 native plugins for Editor in 0.00 ms.
Unloading 1127 Unused Serialized files (Serialized files now loaded: 0)
System memory in use before: 61.7 MB.
System memory in use after: 61.8 MB.

Unloading 6 unused Assets to reduce memory usage. Loaded Objects now: 1821.
Total: 1.916100 ms (FindLiveObjects: 0.213300 ms CreateObjectMapping: 0.052300 ms MarkObjects: 1.582300 ms  DeleteObjects: 0.067000 ms)

========================================================================
Received Prepare
Registering precompiled user dll's ...
Registered in 0.000857 seconds.
Begin MonoManager ReloadAssembly
Native extension for Lumin target not found
Native extension for WindowsStandalone target not found
Refreshing native plugins compatible for Editor in 0.22 ms, found 0 plugins.
Preloading 0 native plugins for Editor in 0.00 ms.
Mono: successfully reloaded assembly
- Completed reload, in  1.219 seconds
Platform modules already initialized, skipping
Refreshing native plugins compatible for Editor in 0.41 ms, found 0 plugins.
Preloading 0 native plugins for Editor in 0.00 ms.
Unloading 1127 Unused Serialized files (Serialized files now loaded: 0)
System memory in use before: 61.7 MB.
System memory in use after: 61.8 MB.

Unloading 6 unused Assets to reduce memory usage. Loaded Objects now: 1824.
Total: 2.705200 ms (FindLiveObjects: 0.575600 ms CreateObjectMapping: 0.152100 ms MarkObjects: 1.926700 ms  DeleteObjects: 0.049300 ms)

========================================================================
Received Prepare
Registering precompiled user dll's ...
Registered in 0.001521 seconds.
Begin MonoManager ReloadAssembly
Native extension for Lumin target not found
Native extension for WindowsStandalone target not found
Refreshing native plugins compatible for Editor in 0.21 ms, found 0 plugins.
Preloading 0 native plugins for Editor in 0.00 ms.
Mono: successfully reloaded assembly
- Completed reload, in  1.014 seconds
Platform modules already initialized, skipping
Refreshing native plugins compatible for Editor in 0.20 ms, found 0 plugins.
Preloading 0 native plugins for Editor in 0.00 ms.
Unloading 1127 Unused Serialized files (Serialized files now loaded: 0)
System memory in use before: 61.7 MB.
System memory in use after: 61.8 MB.

Unloading 6 unused Assets to reduce memory usage. Loaded Objects now: 1827.
Total: 1.886700 ms (FindLiveObjects: 0.192800 ms CreateObjectMapping: 0.041000 ms MarkObjects: 1.562900 ms  DeleteObjects: 0.088400 ms)

AssetImportWorkerClient::OnTransportError - code=2 error=End of file
